<?xml version="1.0" encoding="UTF-8"?>
<!-- Generated by org.testng.reporters.JUnitReportReporter -->
<testsuite skipped="0" hostname="DESKTOP-JB7D4MS" name="com.leaftaps.ui.testcases.TC02_DeleteLead" tests="1" failures="0" timestamp="2022-12-17T19:51:37 IST" time="55.623" errors="0">
  <testcase name="createleadtc" time="55.623" classname="com.leaftaps.ui.testcases.TC02_DeleteLead"/>
  <system-out/>
</testsuite> <!-- com.leaftaps.ui.testcases.TC02_DeleteLead -->
