<?xml version="1.0" encoding="UTF-8"?>
<!-- Generated by org.testng.reporters.JUnitReportReporter -->
<testsuite skipped="0" hostname="DESKTOP-JB7D4MS" name="com.leaftaps.ui.testcases.TC01_CreateLead" tests="1" failures="0" timestamp="2022-12-29T15:31:09 IST" time="85.665" errors="0">
  <testcase name="createleadtc" time="85.665" classname="com.leaftaps.ui.testcases.TC01_CreateLead"/>
  <system-out/>
</testsuite> <!-- com.leaftaps.ui.testcases.TC01_CreateLead -->
